<?xml version="1.0" encoding="UTF-8"?>
<!-- Generated by org.testng.reporters.JUnitReportReporter -->
<testsuite hostname="ashrf" failures="0" tests="2" name="com.taybee.automation.webuitests.ngtests.Tables" time="22.976" errors="0" timestamp="16 Feb 2019 12:58:01 GMT">
  <testcase classname="com.taybee.automation.webuitests.ngtests.Tables" name="fetchNumberOfRowsAndColumns" time="2.026"/>
  <testcase classname="com.taybee.automation.webuitests.ngtests.Tables" name="fetchCellValue" time="20.950"/>
</testsuite> <!-- com.taybee.automation.webuitests.ngtests.Tables -->
